Command line:
   Schematlab1_Schematlab1_sch_tb_isim_beh.exe
     -simmode  gui
     -simrunnum  0
     -socket  44953

Fri Nov  7 00:03:28 2025


 Elaboration Time: 0.02 sec

 Current Memory Usage: 184.078 Meg

 Total Signals          : 77
 Total Nets             : 41
 Total Signal Drivers   : 13
 Total Blocks           : 17
 Total Primitive Blocks : 15
 Total Processes        : 13
 Total Traceable Variables  : 13
 Total Scalar Nets and Variables : 524
Total Line Count : 16

 Total Simulation Time: 0.02 sec

 Current Memory Usage: 259.58 Meg

Fri Nov  7 00:03:45 2025

