Command line:
   przerzutnik_przerzutnik_sch_tb_isim_beh.exe
     -simmode  gui
     -simrunnum  0
     -socket  34111

Fri Nov  7 00:14:27 2025


 Elaboration Time: 0.01 sec

 Current Memory Usage: 184.078 Meg

 Total Signals          : 151
 Total Nets             : 56
 Total Signal Drivers   : 27
 Total Blocks           : 26
 Total Primitive Blocks : 24
 Total Processes        : 27
 Total Traceable Variables  : 17
 Total Scalar Nets and Variables : 543
Total Line Count : 36

 Total Simulation Time: 0.06 sec

 Current Memory Usage: 259.58 Meg

Fri Nov  7 00:17:23 2025

